<?xml version="1.0" encoding="UTF-8"?>
<testsuite name="com.jojoldu.book.springboot.web.ProfileControllerUnitTest" tests="3" skipped="0" failures="0" errors="0" timestamp="2024-02-12T04:21:08" hostname="DESKTOP-1SNF9B2" time="0.081">
  <properties/>
  <testcase name="active_profile이_없으면_default가_조회된다" classname="com.jojoldu.book.springboot.web.ProfileControllerUnitTest" time="0.076"/>
  <testcase name="real_profile이_없으면_첫번째가_조회된다" classname="com.jojoldu.book.springboot.web.ProfileControllerUnitTest" time="0.004"/>
  <testcase name="real_profile이_조회된다" classname="com.jojoldu.book.springboot.web.ProfileControllerUnitTest" time="0.001"/>
  <system-out><![CDATA[13:21:08.535 [Test worker] DEBUG org.springframework.mock.env.MockEnvironment - Activating profile 'oauth'
13:21:08.538 [Test worker] DEBUG org.springframework.mock.env.MockEnvironment - Activating profile 'real-db'
13:21:08.539 [Test worker] DEBUG org.springframework.mock.env.MockEnvironment - Activating profile 'real'
13:21:08.539 [Test worker] DEBUG org.springframework.mock.env.MockEnvironment - Activating profile 'oauth'
13:21:08.539 [Test worker] DEBUG org.springframework.mock.env.MockEnvironment - Activating profile 'real-db'
]]></system-out>
  <system-err><![CDATA[]]></system-err>
</testsuite>
